<?xml version="1.0" encoding="UTF-8"?>
<testsuite xmlns:xsi="http://www.w3.org/2001/XMLSchema-instance" xsi:noNamespaceSchemaLocation="https://maven.apache.org/surefire/maven-surefire-plugin/xsd/surefire-test-report-3.0.xsd" version="3.0" name="DAOs.ProductoDAOTest" time="0.024" tests="1" errors="0" skipped="0" failures="0">
  <properties>
    <property name="java.specification.version" value="19"/>
    <property name="sun.cpu.isalist" value="amd64"/>
    <property name="sun.jnu.encoding" value="Cp1252"/>
    <property name="java.class.path" value="C:\Users\SDavidLedesma\Desktop\tornilloFeliz\ElTornilloFeliz\ElTornilloFeliz\Persistencia\target\test-classes;C:\Users\SDavidLedesma\Desktop\tornilloFeliz\ElTornilloFeliz\ElTornilloFeliz\Persistencia\target\classes;C:\Users\SDavidLedesma\.m2\repository\org\mongodb\mongodb-driver-sync\4.2.2\mongodb-driver-sync-4.2.2.jar;C:\Users\SDavidLedesma\.m2\repository\org\mongodb\bson\4.2.2\bson-4.2.2.jar;C:\Users\SDavidLedesma\.m2\repository\org\mongodb\mongodb-driver-core\4.2.2\mongodb-driver-core-4.2.2.jar;C:\Users\SDavidLedesma\.m2\repository\org\mindrot\jbcrypt\0.4\jbcrypt-0.4.jar;C:\Users\SDavidLedesma\Desktop\tornilloFeliz\ElTornilloFeliz\ElTornilloFeliz\Dominio\target\Dominio-1.0-SNAPSHOT.jar;C:\Users\SDavidLedesma\.m2\repository\org\junit\jupiter\junit-jupiter\5.10.0\junit-jupiter-5.10.0.jar;C:\Users\SDavidLedesma\.m2\repository\org\mockito\mockito-core\5.12.0\mockito-core-5.12.0.jar;C:\Users\SDavidLedesma\.m2\repository\net\bytebuddy\byte-buddy\1.14.15\byte-buddy-1.14.15.jar;C:\Users\SDavidLedesma\.m2\repository\net\bytebuddy\byte-buddy-agent\1.14.15\byte-buddy-agent-1.14.15.jar;C:\Users\SDavidLedesma\.m2\repository\org\objenesis\objenesis\3.3\objenesis-3.3.jar;C:\Users\SDavidLedesma\.m2\repository\org\junit\jupiter\junit-jupiter-api\5.10.3\junit-jupiter-api-5.10.3.jar;C:\Users\SDavidLedesma\.m2\repository\org\opentest4j\opentest4j\1.3.0\opentest4j-1.3.0.jar;C:\Users\SDavidLedesma\.m2\repository\org\junit\platform\junit-platform-commons\1.10.3\junit-platform-commons-1.10.3.jar;C:\Users\SDavidLedesma\.m2\repository\org\apiguardian\apiguardian-api\1.1.2\apiguardian-api-1.1.2.jar;C:\Users\SDavidLedesma\.m2\repository\org\junit\jupiter\junit-jupiter-params\5.10.3\junit-jupiter-params-5.10.3.jar;C:\Users\SDavidLedesma\.m2\repository\org\junit\jupiter\junit-jupiter-engine\5.10.3\junit-jupiter-engine-5.10.3.jar;C:\Users\SDavidLedesma\.m2\repository\org\junit\platform\junit-platform-engine\1.10.3\junit-platform-engine-1.10.3.jar;"/>
    <property name="java.vm.vendor" value="Oracle Corporation"/>
    <property name="sun.arch.data.model" value="64"/>
    <property name="user.variant" value=""/>
    <property name="java.vendor.url" value="https://java.oracle.com/"/>
    <property name="user.timezone" value="America/Hermosillo"/>
    <property name="os.name" value="Windows 11"/>
    <property name="java.vm.specification.version" value="19"/>
    <property name="user.country" value="MX"/>
    <property name="sun.java.launcher" value="SUN_STANDARD"/>
    <property name="sun.boot.library.path" value="C:\Program Files\Java\jdk-19\bin"/>
    <property name="sun.java.command" value="C:\Users\SDavidLedesma\AppData\Local\Temp\surefire16938464415244303181\surefirebooter-20250528154351270_3.jar C:\Users\SDavidLedesma\AppData\Local\Temp\surefire16938464415244303181 2025-05-28T15-43-48_507-jvmRun1 surefire-20250528154351270_1tmp surefire_0-20250528154351270_2tmp"/>
    <property name="jdk.debug" value="release"/>
    <property name="surefire.test.class.path" value="C:\Users\SDavidLedesma\Desktop\tornilloFeliz\ElTornilloFeliz\ElTornilloFeliz\Persistencia\target\test-classes;C:\Users\SDavidLedesma\Desktop\tornilloFeliz\ElTornilloFeliz\ElTornilloFeliz\Persistencia\target\classes;C:\Users\SDavidLedesma\.m2\repository\org\mongodb\mongodb-driver-sync\4.2.2\mongodb-driver-sync-4.2.2.jar;C:\Users\SDavidLedesma\.m2\repository\org\mongodb\bson\4.2.2\bson-4.2.2.jar;C:\Users\SDavidLedesma\.m2\repository\org\mongodb\mongodb-driver-core\4.2.2\mongodb-driver-core-4.2.2.jar;C:\Users\SDavidLedesma\.m2\repository\org\mindrot\jbcrypt\0.4\jbcrypt-0.4.jar;C:\Users\SDavidLedesma\Desktop\tornilloFeliz\ElTornilloFeliz\ElTornilloFeliz\Dominio\target\Dominio-1.0-SNAPSHOT.jar;C:\Users\SDavidLedesma\.m2\repository\org\junit\jupiter\junit-jupiter\5.10.0\junit-jupiter-5.10.0.jar;C:\Users\SDavidLedesma\.m2\repository\org\mockito\mockito-core\5.12.0\mockito-core-5.12.0.jar;C:\Users\SDavidLedesma\.m2\repository\net\bytebuddy\byte-buddy\1.14.15\byte-buddy-1.14.15.jar;C:\Users\SDavidLedesma\.m2\repository\net\bytebuddy\byte-buddy-agent\1.14.15\byte-buddy-agent-1.14.15.jar;C:\Users\SDavidLedesma\.m2\repository\org\objenesis\objenesis\3.3\objenesis-3.3.jar;C:\Users\SDavidLedesma\.m2\repository\org\junit\jupiter\junit-jupiter-api\5.10.3\junit-jupiter-api-5.10.3.jar;C:\Users\SDavidLedesma\.m2\repository\org\opentest4j\opentest4j\1.3.0\opentest4j-1.3.0.jar;C:\Users\SDavidLedesma\.m2\repository\org\junit\platform\junit-platform-commons\1.10.3\junit-platform-commons-1.10.3.jar;C:\Users\SDavidLedesma\.m2\repository\org\apiguardian\apiguardian-api\1.1.2\apiguardian-api-1.1.2.jar;C:\Users\SDavidLedesma\.m2\repository\org\junit\jupiter\junit-jupiter-params\5.10.3\junit-jupiter-params-5.10.3.jar;C:\Users\SDavidLedesma\.m2\repository\org\junit\jupiter\junit-jupiter-engine\5.10.3\junit-jupiter-engine-5.10.3.jar;C:\Users\SDavidLedesma\.m2\repository\org\junit\platform\junit-platform-engine\1.10.3\junit-platform-engine-1.10.3.jar;"/>
    <property name="sun.cpu.endian" value="little"/>
    <property name="user.home" value="C:\Users\SDavidLedesma"/>
    <property name="user.language" value="es"/>
    <property name="java.specification.vendor" value="Oracle Corporation"/>
    <property name="java.version.date" value="2022-10-18"/>
    <property name="java.home" value="C:\Program Files\Java\jdk-19"/>
    <property name="file.separator" value="\"/>
    <property name="basedir" value="C:\Users\SDavidLedesma\Desktop\tornilloFeliz\ElTornilloFeliz\ElTornilloFeliz\Persistencia"/>
    <property name="java.vm.compressedOopsMode" value="32-bit"/>
    <property name="line.separator" value="&#10;"/>
    <property name="java.vm.specification.vendor" value="Oracle Corporation"/>
    <property name="java.specification.name" value="Java Platform API Specification"/>
    <property name="surefire.real.class.path" value="C:\Users\SDavidLedesma\AppData\Local\Temp\surefire16938464415244303181\surefirebooter-20250528154351270_3.jar"/>
    <property name="user.script" value=""/>
    <property name="sun.management.compiler" value="HotSpot 64-Bit Tiered Compilers"/>
    <property name="java.runtime.version" value="19.0.1+10-21"/>
    <property name="user.name" value="SDavidLedesma"/>
    <property name="stdout.encoding" value="Cp1252"/>
    <property name="path.separator" value=";"/>
    <property name="os.version" value="10.0"/>
    <property name="java.runtime.name" value="Java(TM) SE Runtime Environment"/>
    <property name="file.encoding" value="UTF-8"/>
    <property name="java.vm.name" value="Java HotSpot(TM) 64-Bit Server VM"/>
    <property name="maven.ext.class.path" value="C:\Program Files\NetBeans-23\netbeans\java\maven-nblib\netbeans-eventspy.jar"/>
    <property name="localRepository" value="C:\Users\SDavidLedesma\.m2\repository"/>
    <property name="java.vendor.url.bug" value="https://bugreport.java.com/bugreport/"/>
    <property name="java.io.tmpdir" value="C:\Users\SDAVID~1\AppData\Local\Temp\"/>
    <property name="java.version" value="19.0.1"/>
    <property name="user.dir" value="C:\Users\SDavidLedesma\Desktop\tornilloFeliz\ElTornilloFeliz\ElTornilloFeliz\Persistencia"/>
    <property name="os.arch" value="amd64"/>
    <property name="java.vm.specification.name" value="Java Virtual Machine Specification"/>
    <property name="sun.os.patch.level" value=""/>
    <property name="native.encoding" value="Cp1252"/>
    <property name="java.library.path" value="C:\Program Files\Java\jdk-19\bin;C:\WINDOWS\Sun\Java\bin;C:\WINDOWS\system32;C:\WINDOWS;C:\ProgramData\Oracle\Java\javapath;C:\Program Files\Common Files\Oracle\Java\javapath;C:\WINDOWS\system32;C:\WINDOWS;C:\WINDOWS\System32\Wbem;C:\WINDOWS\System32\WindowsPowerShell\v1.0\;C:\WINDOWS\System32\OpenSSH\;C:\Program Files\dotnet\;C:\Program Files\Git\cmd;C:\Program Files\nodejs\;C:\ProgramData\chocolatey\bin;C:\Users\SDavidLedesma\AppData\Local\Programs\Python\Python313\Scripts\;C:\Users\SDavidLedesma\AppData\Local\Programs\Python\Python313\;C:\Users\SDavidLedesma\AppData\Local\Microsoft\WindowsApps;C:\Users\SDavidLedesma\.dotnet\tools;C:\Users\SDavidLedesma\AppData\Local\Programs\Microsoft VS Code\bin;C:\Users\SDavidLedesma\AppData\Local\GitHubDesktop\bin;C:\Users\SDavidLedesma\AppData\Roaming\npm;C:\apache-maven-3.9.6\bin;C:\Users\SDavidLedesma\AppData\Local\Programs\mongosh\;;."/>
    <property name="java.vm.info" value="mixed mode, sharing"/>
    <property name="stderr.encoding" value="Cp1252"/>
    <property name="java.vendor" value="Oracle Corporation"/>
    <property name="java.vm.version" value="19.0.1+10-21"/>
    <property name="sun.io.unicode.encoding" value="UnicodeLittle"/>
    <property name="java.class.version" value="63.0"/>
  </properties>
  <testcase name="testGenerarReporteInventarioBajo" classname="DAOs.ProductoDAOTest" time="0.021"/>
</testsuite>